[debug] [2023-03-05T02:20:41.917Z] ----------------------------------------------------------------------
[debug] [2023-03-05T02:20:41.920Z] Command:       C:\Program Files\nodejs\node.exe C:\Users\Picar\AppData\Roaming\npm\node_modules\firebase-tools\lib\bin\firebase.js init
[debug] [2023-03-05T02:20:41.921Z] CLI Version:   11.24.0
[debug] [2023-03-05T02:20:41.921Z] Platform:      win32
[debug] [2023-03-05T02:20:41.921Z] Node Version:  v18.14.2
[debug] [2023-03-05T02:20:41.922Z] Time:          Sat Mar 04 2023 21:20:41 GMT-0500 (Eastern Standard Time)
[debug] [2023-03-05T02:20:41.923Z] ----------------------------------------------------------------------
[debug] 
[debug] [2023-03-05T02:20:41.932Z] > command requires scopes: ["email","openid","https://www.googleapis.com/auth/cloudplatformprojects.readonly","https://www.googleapis.com/auth/firebase","https://www.googleapis.com/auth/cloud-platform"]
[debug] [2023-03-05T02:20:41.932Z] > authorizing via signed-in user (picardy24@gmail.com)
[info] 
     ######## #### ########  ######## ########     ###     ######  ########
     ##        ##  ##     ## ##       ##     ##  ##   ##  ##       ##
     ######    ##  ########  ######   ########  #########  ######  ######
     ##        ##  ##    ##  ##       ##     ## ##     ##       ## ##
     ##       #### ##     ## ######## ########  ##     ##  ######  ########

You're about to initialize a Firebase project in this directory:

  C:\Users\Picar\OneDrive\Documents\makeohio2023express

[info] 
=== Project Setup
[info] 
[info] First, let's associate this project directory with a Firebase project.
[info] You can create multiple project aliases by running firebase use --add, 
[info] but for now we'll just set up a default project.
[info] 
